# JRE version: OpenJDK Runtime Environment Temurin-17.0.18+8 (17.0.18+8) (build 17.0.18+8)
# Java VM: OpenJDK 64-Bit Server VM Temurin-17.0.18+8 (17.0.18+8, mixed mode, sharing, tiered, compressed oops, compressed class ptrs, g1 gc, windows-amd64)
GC Precious Log:
 CPUs: 8 total, 8 available
 Memory: 16227M
 Large Page Support: Disabled
 NUMA Support: Disabled
 Compressed Oops: Enabled (Zero based)
 Heap Region Size: 2M
 Heap Min Capacity: 8M
 Heap Initial Capacity: 254M
 Heap Max Capacity: 4058M
 Pre-touch: Disabled
 Parallel Workers: 8
 Concurrent Workers: 2
 Concurrent Refinement Workers: 8
 Periodic GC: Disabled
Heap:
 garbage-first heap   total 55296K, used 36818K [0x0000000702600000, 0x0000000800000000)
  region size 2048K, 11 young (22528K), 1 survivors (2048K)
 Metaspace       used 39524K, committed 40000K, reserved 1114112K
  class space    used 5460K, committed 5696K, reserved 1048576K
GC Heap History (16 events):
Event: 2.094 GC heap before
{Heap before GC invocations=0 (full 0):
 garbage-first heap   total 260096K, used 20480K [0x0000000702600000, 0x0000000800000000)
  region size 2048K, 11 young (22528K), 0 survivors (0K)
 Metaspace       used 5840K, committed 6016K, reserved 1114112K
  class space    used 680K, committed 768K, reserved 1048576K
}
Event: 2.105 GC heap after
{Heap after GC invocations=1 (full 0):
 garbage-first heap   total 260096K, used 6695K [0x0000000702600000, 0x0000000800000000)
  region size 2048K, 2 young (4096K), 2 survivors (4096K)
 Metaspace       used 5840K, committed 6016K, reserved 1114112K
  class space    used 680K, committed 768K, reserved 1048576K
}
Event: 3.444 GC heap before
{Heap before GC invocations=1 (full 0):
 garbage-first heap   total 260096K, used 31271K [0x0000000702600000, 0x0000000800000000)
  region size 2048K, 15 young (30720K), 2 survivors (4096K)
 Metaspace       used 12761K, committed 13056K, reserved 1114112K
  class space    used 1603K, committed 1728K, reserved 1048576K
}
Event: 3.456 GC heap after
{Heap after GC invocations=2 (full 0):
 garbage-first heap   total 260096K, used 9188K [0x0000000702600000, 0x0000000800000000)
  region size 2048K, 2 young (4096K), 2 survivors (4096K)
 Metaspace       used 12761K, committed 13056K, reserved 1114112K
  class space    used 1603K, committed 1728K, reserved 1048576K
}
Event: 5.841 GC heap before
{Heap before GC invocations=2 (full 0):
 garbage-first heap   total 260096K, used 52196K [0x0000000702600000, 0x0000000800000000)
  region size 2048K, 24 young (49152K), 2 survivors (4096K)
 Metaspace       used 21149K, committed 21504K, reserved 1114112K
  class space    used 2629K, committed 2816K, reserved 1048576K
}
Event: 5.853 GC heap after
{Heap after GC invocations=3 (full 0):
 garbage-first heap   total 260096K, used 12597K [0x0000000702600000, 0x0000000800000000)
  region size 2048K, 3 young (6144K), 3 survivors (6144K)
 Metaspace       used 21149K, committed 21504K, reserved 1114112K
  class space    used 2629K, committed 2816K, reserved 1048576K
}
Event: 7.985 GC heap before
{Heap before GC invocations=4 (full 0):
 garbage-first heap   total 55296K, used 37173K [0x0000000702600000, 0x0000000800000000)
  region size 2048K, 16 young (32768K), 3 survivors (6144K)
 Metaspace       used 25890K, committed 26368K, reserved 1114112K
  class space    used 3305K, committed 3520K, reserved 1048576K
}
Event: 8.003 GC heap after
{Heap after GC invocations=5 (full 0):
 garbage-first heap   total 55296K, used 15339K [0x0000000702600000, 0x0000000800000000)
  region size 2048K, 2 young (4096K), 2 survivors (4096K)
 Metaspace       used 25890K, committed 26368K, reserved 1114112K
  class space    used 3305K, committed 3520K, reserved 1048576K
}
Event: 8.145 GC heap before
{Heap before GC invocations=5 (full 0):
 garbage-first heap   total 55296K, used 17387K [0x0000000702600000, 0x0000000800000000)
  region size 2048K, 3 young (6144K), 2 survivors (4096K)
 Metaspace       used 26205K, committed 26624K, reserved 1114112K
  class space    used 3358K, committed 3584K, reserved 1048576K
}
Event: 8.156 GC heap after
{Heap after GC invocations=6 (full 0):
 garbage-first heap   total 55296K, used 15826K [0x0000000702600000, 0x0000000800000000)
  region size 2048K, 1 young (2048K), 1 survivors (2048K)
 Metaspace       used 26205K, committed 26624K, reserved 1114112K
  class space    used 3358K, committed 3584K, reserved 1048576K
}
Event: 9.626 GC heap before
{Heap before GC invocations=6 (full 0):
 garbage-first heap   total 55296K, used 34258K [0x0000000702600000, 0x0000000800000000)
  region size 2048K, 10 young (20480K), 1 survivors (2048K)
 Metaspace       used 30118K, committed 30592K, reserved 1114112K
  class space    used 3866K, committed 4096K, reserved 1048576K
}
Event: 9.632 GC heap after
{Heap after GC invocations=7 (full 0):
 garbage-first heap   total 55296K, used 17228K [0x0000000702600000, 0x0000000800000000)
  region size 2048K, 1 young (2048K), 1 survivors (2048K)
 Metaspace       used 30118K, committed 30592K, reserved 1114112K
  class space    used 3866K, committed 4096K, reserved 1048576K
}
Event: 11.140 GC heap before
{Heap before GC invocations=7 (full 0):
 garbage-first heap   total 55296K, used 37708K [0x0000000702600000, 0x0000000800000000)
  region size 2048K, 11 young (22528K), 1 survivors (2048K)
 Metaspace       used 35391K, committed 35904K, reserved 1114112K
  class space    used 4676K, committed 4928K, reserved 1048576K
}
Event: 11.146 GC heap after
{Heap after GC invocations=8 (full 0):
 garbage-first heap   total 55296K, used 18359K [0x0000000702600000, 0x0000000800000000)
  region size 2048K, 2 young (4096K), 2 survivors (4096K)
 Metaspace       used 35391K, committed 35904K, reserved 1114112K
  class space    used 4676K, committed 4928K, reserved 1048576K
}
Event: 11.213 GC heap before
{Heap before GC invocations=8 (full 0):
 garbage-first heap   total 55296K, used 18359K [0x0000000702600000, 0x0000000800000000)
  region size 2048K, 3 young (6144K), 2 survivors (4096K)
 Metaspace       used 35516K, committed 35968K, reserved 1114112K
  class space    used 4714K, committed 4928K, reserved 1048576K
}
Event: 11.220 GC heap after
{Heap after GC invocations=9 (full 0):
 garbage-first heap   total 55296K, used 18386K [0x0000000702600000, 0x0000000800000000)
  region size 2048K, 1 young (2048K), 1 survivors (2048K)
 Metaspace       used 35516K, committed 35968K, reserved 1114112K
  class space    used 4714K, committed 4928K, reserved 1048576K
}

