# JRE version: OpenJDK Runtime Environment Temurin-17.0.18+8 (17.0.18+8) (build 17.0.18+8)
# Java VM: OpenJDK 64-Bit Server VM Temurin-17.0.18+8 (17.0.18+8, mixed mode, sharing, tiered, compressed oops, compressed class ptrs, g1 gc, windows-amd64)
GC Precious Log:
 CPUs: 8 total, 8 available
 Memory: 16227M
 Large Page Support: Disabled
 NUMA Support: Disabled
 Compressed Oops: Enabled (Zero based)
 Heap Region Size: 2M
 Heap Min Capacity: 8M
 Heap Initial Capacity: 254M
 Heap Max Capacity: 4058M
 Pre-touch: Disabled
 Parallel Workers: 8
 Concurrent Workers: 2
 Concurrent Refinement Workers: 8
 Periodic GC: Disabled
Heap:
 garbage-first heap   total 75776K, used 37375K [0x0000000702600000, 0x0000000800000000)
  region size 2048K, 6 young (12288K), 2 survivors (4096K)
 Metaspace       used 80380K, committed 81024K, reserved 1179648K
  class space    used 10909K, committed 11200K, reserved 1048576K
GC Heap History (20 events):
Event: 2.418 GC heap before
{Heap before GC invocations=5 (full 0):
 garbage-first heap   total 55296K, used 16265K [0x0000000702600000, 0x0000000800000000)
  region size 2048K, 3 young (6144K), 2 survivors (4096K)
 Metaspace       used 24993K, committed 25408K, reserved 1114112K
  class space    used 3095K, committed 3264K, reserved 1048576K
}
Event: 2.422 GC heap after
{Heap after GC invocations=6 (full 0):
 garbage-first heap   total 55296K, used 14235K [0x0000000702600000, 0x0000000800000000)
  region size 2048K, 1 young (2048K), 1 survivors (2048K)
 Metaspace       used 24993K, committed 25408K, reserved 1114112K
  class space    used 3095K, committed 3264K, reserved 1048576K
}
Event: 2.968 GC heap before
{Heap before GC invocations=6 (full 0):
 garbage-first heap   total 55296K, used 34715K [0x0000000702600000, 0x0000000800000000)
  region size 2048K, 11 young (22528K), 1 survivors (2048K)
 Metaspace       used 28377K, committed 28800K, reserved 1114112K
  class space    used 3533K, committed 3712K, reserved 1048576K
}
Event: 2.973 GC heap after
{Heap after GC invocations=7 (full 0):
 garbage-first heap   total 157696K, used 15472K [0x0000000702600000, 0x0000000800000000)
  region size 2048K, 1 young (2048K), 1 survivors (2048K)
 Metaspace       used 28377K, committed 28800K, reserved 1114112K
  class space    used 3533K, committed 3712K, reserved 1048576K
}
Event: 4.146 GC heap before
{Heap before GC invocations=7 (full 0):
 garbage-first heap   total 157696K, used 50288K [0x0000000702600000, 0x0000000800000000)
  region size 2048K, 19 young (38912K), 1 survivors (2048K)
 Metaspace       used 35605K, committed 36096K, reserved 1114112K
  class space    used 4453K, committed 4672K, reserved 1048576K
}
Event: 4.152 GC heap after
{Heap after GC invocations=8 (full 0):
 garbage-first heap   total 157696K, used 18706K [0x0000000702600000, 0x0000000800000000)
  region size 2048K, 3 young (6144K), 3 survivors (6144K)
 Metaspace       used 35605K, committed 36096K, reserved 1114112K
  class space    used 4453K, committed 4672K, reserved 1048576K
}
Event: 5.114 GC heap before
{Heap before GC invocations=9 (full 0):
 garbage-first heap   total 75776K, used 57618K [0x0000000702600000, 0x0000000800000000)
  region size 2048K, 22 young (45056K), 3 survivors (6144K)
 Metaspace       used 44098K, committed 44608K, reserved 1114112K
  class space    used 5973K, committed 6208K, reserved 1048576K
}
Event: 5.120 GC heap after
{Heap after GC invocations=10 (full 0):
 garbage-first heap   total 75776K, used 21020K [0x0000000702600000, 0x0000000800000000)
  region size 2048K, 2 young (4096K), 2 survivors (4096K)
 Metaspace       used 44098K, committed 44608K, reserved 1114112K
  class space    used 5973K, committed 6208K, reserved 1048576K
}
Event: 5.169 GC heap before
{Heap before GC invocations=10 (full 0):
 garbage-first heap   total 75776K, used 23068K [0x0000000702600000, 0x0000000800000000)
  region size 2048K, 3 young (6144K), 2 survivors (4096K)
 Metaspace       used 44740K, committed 45248K, reserved 1114112K
  class space    used 6051K, committed 6272K, reserved 1048576K
}
Event: 5.174 GC heap after
{Heap after GC invocations=11 (full 0):
 garbage-first heap   total 75776K, used 20828K [0x0000000702600000, 0x0000000800000000)
  region size 2048K, 1 young (2048K), 1 survivors (2048K)
 Metaspace       used 44740K, committed 45248K, reserved 1114112K
  class space    used 6051K, committed 6272K, reserved 1048576K
}
Event: 6.306 GC heap before
{Heap before GC invocations=11 (full 0):
 garbage-first heap   total 75776K, used 55644K [0x0000000702600000, 0x0000000800000000)
  region size 2048K, 18 young (36864K), 1 survivors (2048K)
 Metaspace       used 56670K, committed 57152K, reserved 1114112K
  class space    used 7471K, committed 7680K, reserved 1048576K
}
Event: 6.315 GC heap after
{Heap after GC invocations=12 (full 0):
 garbage-first heap   total 75776K, used 23574K [0x0000000702600000, 0x0000000800000000)
  region size 2048K, 2 young (4096K), 2 survivors (4096K)
 Metaspace       used 56670K, committed 57152K, reserved 1114112K
  class space    used 7471K, committed 7680K, reserved 1048576K
}
Event: 6.530 GC heap before
{Heap before GC invocations=12 (full 0):
 garbage-first heap   total 75776K, used 33814K [0x0000000702600000, 0x0000000800000000)
  region size 2048K, 8 young (16384K), 2 survivors (4096K)
 Metaspace       used 59952K, committed 60416K, reserved 1114112K
  class space    used 7884K, committed 8128K, reserved 1048576K
}
Event: 6.532 GC heap after
{Heap after GC invocations=13 (full 0):
 garbage-first heap   total 75776K, used 24307K [0x0000000702600000, 0x0000000800000000)
  region size 2048K, 2 young (4096K), 2 survivors (4096K)
 Metaspace       used 59952K, committed 60416K, reserved 1114112K
  class space    used 7884K, committed 8128K, reserved 1048576K
}
Event: 7.121 GC heap before
{Heap before GC invocations=14 (full 0):
 garbage-first heap   total 75776K, used 55027K [0x0000000702600000, 0x0000000800000000)
  region size 2048K, 18 young (36864K), 2 survivors (4096K)
 Metaspace       used 68119K, committed 68672K, reserved 1114112K
  class space    used 9276K, committed 9536K, reserved 1048576K
}
Event: 7.126 GC heap after
{Heap after GC invocations=15 (full 0):
 garbage-first heap   total 75776K, used 25771K [0x0000000702600000, 0x0000000800000000)
  region size 2048K, 2 young (4096K), 2 survivors (4096K)
 Metaspace       used 68119K, committed 68672K, reserved 1114112K
  class space    used 9276K, committed 9536K, reserved 1048576K
}
Event: 7.829 GC heap before
{Heap before GC invocations=15 (full 0):
 garbage-first heap   total 75776K, used 56491K [0x0000000702600000, 0x0000000800000000)
  region size 2048K, 17 young (34816K), 2 survivors (4096K)
 Metaspace       used 72787K, committed 73408K, reserved 1114112K
  class space    used 9941K, committed 10240K, reserved 1048576K
}
Event: 7.834 GC heap after
{Heap after GC invocations=16 (full 0):
 garbage-first heap   total 75776K, used 28738K [0x0000000702600000, 0x0000000800000000)
  region size 2048K, 3 young (6144K), 3 survivors (6144K)
 Metaspace       used 72787K, committed 73408K, reserved 1114112K
  class space    used 9941K, committed 10240K, reserved 1048576K
}
Event: 25.346 GC heap before
{Heap before GC invocations=16 (full 0):
 garbage-first heap   total 75776K, used 57410K [0x0000000702600000, 0x0000000800000000)
  region size 2048K, 17 young (34816K), 3 survivors (6144K)
 Metaspace       used 79244K, committed 79936K, reserved 1179648K
  class space    used 10727K, committed 11072K, reserved 1048576K
}
Event: 25.352 GC heap after
{Heap after GC invocations=17 (full 0):
 garbage-first heap   total 75776K, used 31231K [0x0000000702600000, 0x0000000800000000)
  region size 2048K, 2 young (4096K), 2 survivors (4096K)
 Metaspace       used 79244K, committed 79936K, reserved 1179648K
  class space    used 10727K, committed 11072K, reserved 1048576K
}

