# JRE version: OpenJDK Runtime Environment Temurin-17.0.18+8 (17.0.18+8) (build 17.0.18+8)
# Java VM: OpenJDK 64-Bit Server VM Temurin-17.0.18+8 (17.0.18+8, mixed mode, sharing, tiered, compressed oops, compressed class ptrs, g1 gc, windows-amd64)
GC Precious Log:
 CPUs: 8 total, 8 available
 Memory: 16227M
 Large Page Support: Disabled
 NUMA Support: Disabled
 Compressed Oops: Enabled (Zero based)
 Heap Region Size: 2M
 Heap Min Capacity: 8M
 Heap Initial Capacity: 254M
 Heap Max Capacity: 4058M
 Pre-touch: Disabled
 Parallel Workers: 8
 Concurrent Workers: 2
 Concurrent Refinement Workers: 8
 Periodic GC: Disabled
Heap:
 garbage-first heap   total 61440K, used 35356K [0x0000000702600000, 0x0000000800000000)
  region size 2048K, 7 young (14336K), 1 survivors (2048K)
 Metaspace       used 66540K, committed 67072K, reserved 1114112K
  class space    used 9230K, committed 9472K, reserved 1048576K
GC Heap History (20 events):
Event: 6.347 GC heap before
{Heap before GC invocations=4 (full 0):
 garbage-first heap   total 61440K, used 41404K [0x0000000702600000, 0x0000000800000000)
  region size 2048K, 18 young (36864K), 4 survivors (8192K)
 Metaspace       used 26236K, committed 26688K, reserved 1114112K
  class space    used 3377K, committed 3584K, reserved 1048576K
}
Event: 6.363 GC heap after
{Heap after GC invocations=5 (full 0):
 garbage-first heap   total 61440K, used 15382K [0x0000000702600000, 0x0000000800000000)
  region size 2048K, 2 young (4096K), 2 survivors (4096K)
 Metaspace       used 26236K, committed 26688K, reserved 1114112K
  class space    used 3377K, committed 3584K, reserved 1048576K
}
Event: 6.499 GC heap before
{Heap before GC invocations=5 (full 0):
 garbage-first heap   total 61440K, used 17430K [0x0000000702600000, 0x0000000800000000)
  region size 2048K, 3 young (6144K), 2 survivors (4096K)
 Metaspace       used 26567K, committed 27008K, reserved 1114112K
  class space    used 3456K, committed 3648K, reserved 1048576K
}
Event: 6.507 GC heap after
{Heap after GC invocations=6 (full 0):
 garbage-first heap   total 61440K, used 15864K [0x0000000702600000, 0x0000000800000000)
  region size 2048K, 1 young (2048K), 1 survivors (2048K)
 Metaspace       used 26567K, committed 27008K, reserved 1114112K
  class space    used 3456K, committed 3648K, reserved 1048576K
}
Event: 7.710 GC heap before
{Heap before GC invocations=6 (full 0):
 garbage-first heap   total 61440K, used 38392K [0x0000000702600000, 0x0000000800000000)
  region size 2048K, 12 young (24576K), 1 survivors (2048K)
 Metaspace       used 31705K, committed 32192K, reserved 1114112K
  class space    used 4040K, committed 4288K, reserved 1048576K
}
Event: 7.714 GC heap after
{Heap after GC invocations=7 (full 0):
 garbage-first heap   total 61440K, used 17345K [0x0000000702600000, 0x0000000800000000)
  region size 2048K, 2 young (4096K), 2 survivors (4096K)
 Metaspace       used 31705K, committed 32192K, reserved 1114112K
  class space    used 4040K, committed 4288K, reserved 1048576K
}
Event: 8.365 GC heap before
{Heap before GC invocations=7 (full 0):
 garbage-first heap   total 61440K, used 31681K [0x0000000702600000, 0x0000000800000000)
  region size 2048K, 10 young (20480K), 2 survivors (4096K)
 Metaspace       used 35515K, committed 35968K, reserved 1114112K
  class space    used 4725K, committed 4928K, reserved 1048576K
}
Event: 8.369 GC heap after
{Heap after GC invocations=8 (full 0):
 garbage-first heap   total 61440K, used 18228K [0x0000000702600000, 0x0000000800000000)
  region size 2048K, 2 young (4096K), 2 survivors (4096K)
 Metaspace       used 35515K, committed 35968K, reserved 1114112K
  class space    used 4725K, committed 4928K, reserved 1048576K
}
Event: 9.256 GC heap before
{Heap before GC invocations=9 (full 0):
 garbage-first heap   total 61440K, used 42804K [0x0000000702600000, 0x0000000800000000)
  region size 2048K, 14 young (28672K), 2 survivors (4096K)
 Metaspace       used 41406K, committed 41920K, reserved 1114112K
  class space    used 5654K, committed 5888K, reserved 1048576K
}
Event: 9.262 GC heap after
{Heap after GC invocations=10 (full 0):
 garbage-first heap   total 61440K, used 20062K [0x0000000702600000, 0x0000000800000000)
  region size 2048K, 2 young (4096K), 2 survivors (4096K)
 Metaspace       used 41406K, committed 41920K, reserved 1114112K
  class space    used 5654K, committed 5888K, reserved 1048576K
}
Event: 10.474 GC heap before
{Heap before GC invocations=10 (full 0):
 garbage-first heap   total 61440K, used 44638K [0x0000000702600000, 0x0000000800000000)
  region size 2048K, 14 young (28672K), 2 survivors (4096K)
 Metaspace       used 51063K, committed 51648K, reserved 1114112K
  class space    used 6827K, committed 7104K, reserved 1048576K
}
Event: 10.483 GC heap after
{Heap after GC invocations=11 (full 0):
 garbage-first heap   total 61440K, used 22229K [0x0000000702600000, 0x0000000800000000)
  region size 2048K, 2 young (4096K), 2 survivors (4096K)
 Metaspace       used 51063K, committed 51648K, reserved 1114112K
  class space    used 6827K, committed 7104K, reserved 1048576K
}
Event: 11.443 GC heap before
{Heap before GC invocations=11 (full 0):
 garbage-first heap   total 61440K, used 44757K [0x0000000702600000, 0x0000000800000000)
  region size 2048K, 14 young (28672K), 2 survivors (4096K)
 Metaspace       used 58073K, committed 58560K, reserved 1114112K
  class space    used 7841K, committed 8064K, reserved 1048576K
}
Event: 11.451 GC heap after
{Heap after GC invocations=12 (full 0):
 garbage-first heap   total 61440K, used 23729K [0x0000000702600000, 0x0000000800000000)
  region size 2048K, 1 young (2048K), 1 survivors (2048K)
 Metaspace       used 58073K, committed 58560K, reserved 1114112K
  class space    used 7841K, committed 8064K, reserved 1048576K
}
Event: 11.731 GC heap before
{Heap before GC invocations=12 (full 0):
 garbage-first heap   total 61440K, used 29873K [0x0000000702600000, 0x0000000800000000)
  region size 2048K, 5 young (10240K), 1 survivors (2048K)
 Metaspace       used 59698K, committed 60160K, reserved 1114112K
  class space    used 8158K, committed 8384K, reserved 1048576K
}
Event: 11.735 GC heap after
{Heap after GC invocations=13 (full 0):
 garbage-first heap   total 61440K, used 23512K [0x0000000702600000, 0x0000000800000000)
  region size 2048K, 1 young (2048K), 1 survivors (2048K)
 Metaspace       used 59698K, committed 60160K, reserved 1114112K
  class space    used 8158K, committed 8384K, reserved 1048576K
}
Event: 12.698 GC heap before
{Heap before GC invocations=14 (full 0):
 garbage-first heap   total 61440K, used 46040K [0x0000000702600000, 0x0000000800000000)
  region size 2048K, 13 young (26624K), 1 survivors (2048K)
 Metaspace       used 64573K, committed 65152K, reserved 1114112K
  class space    used 8948K, committed 9216K, reserved 1048576K
}
Event: 12.707 GC heap after
{Heap after GC invocations=15 (full 0):
 garbage-first heap   total 61440K, used 25349K [0x0000000702600000, 0x0000000800000000)
  region size 2048K, 2 young (4096K), 2 survivors (4096K)
 Metaspace       used 64573K, committed 65152K, reserved 1114112K
  class space    used 8948K, committed 9216K, reserved 1048576K
}
Event: 12.792 GC heap before
{Heap before GC invocations=15 (full 0):
 garbage-first heap   total 61440K, used 27397K [0x0000000702600000, 0x0000000800000000)
  region size 2048K, 3 young (6144K), 2 survivors (4096K)
 Metaspace       used 64946K, committed 65536K, reserved 1114112K
  class space    used 9001K, committed 9280K, reserved 1048576K
}
Event: 12.799 GC heap after
{Heap after GC invocations=16 (full 0):
 garbage-first heap   total 61440K, used 25116K [0x0000000702600000, 0x0000000800000000)
  region size 2048K, 1 young (2048K), 1 survivors (2048K)
 Metaspace       used 64946K, committed 65536K, reserved 1114112K
  class space    used 9001K, committed 9280K, reserved 1048576K
}

